<?xml version="1.0" encoding="UTF-8"?>
<!-- Generated by org.testng.reporters.JUnitXMLReporter -->
<testsuite ignored="1" hostname="Abhi" failures="0" tests="1" name="Default test" time="9.469" errors="0" timestamp="2023-10-12T21:45:30 EDT">
  <testcase classname="com.naveenAutomation.pageTests.AccountPageTest" name="validateUserCanUpdatePersonalInfo" time="3.244"/>
  <testcase classname="com.naveenAutomation.pageTests.AccountPageTest" name="test1" time="0.0">
    <ignored/>
  </testcase> <!-- test1 -->
</testsuite> <!-- Default test -->
